2023-01-03 23:17:25.936  INFO 11792 --- [main] org.erkamber.Main                        : Starting Main using Java 11.0.17 on DESKTOP-QJ5MRT7 with PID 11792 (C:\Users\Erkan\Desktop\Ueb Server Languages\fmi-ueb-back-end\target\classes started by Erkan in C:\Users\Erkan\Desktop\Ueb Server Languages\fmi-ueb-back-end)
2023-01-03 23:17:25.938  INFO 11792 --- [main] org.erkamber.Main                        : No active profile set, falling back to 1 default profile: "default"
2023-01-03 23:17:26.587  INFO 11792 --- [main] .s.d.r.c.RepositoryConfigurationDelegate : Bootstrapping Spring Data JPA repositories in DEFAULT mode.
2023-01-03 23:17:26.628  INFO 11792 --- [main] .s.d.r.c.RepositoryConfigurationDelegate : Finished Spring Data repository scanning in 35 ms. Found 2 JPA repository interfaces.
2023-01-03 23:17:26.971  INFO 11792 --- [main] o.s.b.w.embedded.tomcat.TomcatWebServer  : Tomcat initialized with port(s): 3000 (http)
2023-01-03 23:17:26.979  INFO 11792 --- [main] o.apache.catalina.core.StandardService   : Starting service [Tomcat]
2023-01-03 23:17:26.979  INFO 11792 --- [main] org.apache.catalina.core.StandardEngine  : Starting Servlet engine: [Apache Tomcat/9.0.65]
2023-01-03 23:17:27.050  INFO 11792 --- [main] o.a.c.c.C.[Tomcat].[localhost].[/]       : Initializing Spring embedded WebApplicationContext
2023-01-03 23:17:27.050  INFO 11792 --- [main] w.s.c.ServletWebServerApplicationContext : Root WebApplicationContext: initialization completed in 1084 ms
2023-01-03 23:17:27.298  INFO 11792 --- [main] com.zaxxer.hikari.HikariDataSource       : HikariPool-1 - Starting...
2023-01-03 23:17:27.390  INFO 11792 --- [main] com.zaxxer.hikari.HikariDataSource       : HikariPool-1 - Start completed.
2023-01-03 23:17:27.776  INFO 11792 --- [main] j.LocalContainerEntityManagerFactoryBean : Initialized JPA EntityManagerFactory for persistence unit 'default'
2023-01-03 23:17:28.046  WARN 11792 --- [main] JpaBaseConfiguration$JpaWebConfiguration : spring.jpa.open-in-view is enabled by default. Therefore, database queries may be performed during view rendering. Explicitly configure spring.jpa.open-in-view to disable this warning
2023-01-03 23:17:28.133 DEBUG 11792 --- [main] s.w.s.m.m.a.RequestMappingHandlerAdapter : ControllerAdvice beans: 0 @ModelAttribute, 0 @InitBinder, 1 RequestBodyAdvice, 1 ResponseBodyAdvice
2023-01-03 23:17:28.178 DEBUG 11792 --- [main] s.w.s.m.m.a.RequestMappingHandlerMapping : 13 mappings in 'requestMappingHandlerMapping'
2023-01-03 23:17:28.192 DEBUG 11792 --- [main] o.s.w.s.handler.SimpleUrlHandlerMapping  : Patterns [/webjars/**, /**] in 'resourceHandlerMapping'
2023-01-03 23:17:28.200 DEBUG 11792 --- [main] .m.m.a.ExceptionHandlerExceptionResolver : ControllerAdvice beans: 1 @ExceptionHandler, 1 ResponseBodyAdvice
2023-01-03 23:17:28.301  INFO 11792 --- [main] o.s.b.w.embedded.tomcat.TomcatWebServer  : Tomcat started on port(s): 3000 (http) with context path ''
2023-01-03 23:17:28.312  INFO 11792 --- [main] org.erkamber.Main                        : Started Main in 2.684 seconds (JVM running for 3.343)
2023-01-03 23:17:45.590  INFO 11792 --- [SpringApplicationShutdownHook] j.LocalContainerEntityManagerFactoryBean : Closing JPA EntityManagerFactory for persistence unit 'default'
2023-01-03 23:17:45.592  INFO 11792 --- [SpringApplicationShutdownHook] com.zaxxer.hikari.HikariDataSource       : HikariPool-1 - Shutdown initiated...
2023-01-03 23:17:45.597  INFO 11792 --- [SpringApplicationShutdownHook] com.zaxxer.hikari.HikariDataSource       : HikariPool-1 - Shutdown completed.
